<?xml version="1.0" encoding="UTF-8"?>
<!-- Generated by org.testng.reporters.JUnitXMLReporter -->
<testsuite ignored="0" hostname="JYOTISKA-DX7590" failures="0" tests="6" name="Test" time="0.027" errors="0" timestamp="2020-09-08T08:59:03 IST">
  <testcase classname="JDProjects.Mavenjava.AppiumTest" name="MobileAutomation1" time="0.003"/>
  <testcase classname="JDProjects.Mavenjava.AppiumTest" name="MobileAutomation2" time="0.0"/>
  <testcase classname="JDProjects.Mavenjava.RestAPITest" name="RestAPIAutomation1" time="0.0"/>
  <testcase classname="JDProjects.Mavenjava.RestAPITest" name="RestAPIAutomation2" time="0.0"/>
  <testcase classname="JDProjects.Mavenjava.SeleniumTest" name="BrowserAutomation1" time="0.0"/>
  <testcase classname="JDProjects.Mavenjava.SeleniumTest" name="BrowserAutomation2" time="0.0"/>
</testsuite> <!-- Test -->
